[0.439s] Invoking command in '/home/vboxuser/Desktop/rtos_hw_ec/src/turtle_pkg': DEBUGINFOD_URLS=https://debuginfod.ubuntu.com PYTHONPATH=/home/vboxuser/Desktop/rtos_hw_ec/src/turtle_pkg/build/turtle_pkg/prefix_override:/usr/lib/python3/dist-packages/colcon_core/task/python/colcon_distutils_commands:/home/vboxuser/Desktop/rtos_hw_ec/src/turtle_pkg/install/turtle_pkg/lib/python3.12/site-packages:${PYTHONPATH} /usr/bin/python3 -W ignore:setup.py install is deprecated -W ignore:easy_install command is deprecated setup.py egg_info --egg-base build/turtle_pkg build --build-base /home/vboxuser/Desktop/rtos_hw_ec/src/turtle_pkg/build/turtle_pkg/build install --record /home/vboxuser/Desktop/rtos_hw_ec/src/turtle_pkg/build/turtle_pkg/install.log --single-version-externally-managed install_data
[0.566s] running egg_info
[0.578s] writing build/turtle_pkg/turtle_pkg.egg-info/PKG-INFO
[0.578s] writing dependency_links to build/turtle_pkg/turtle_pkg.egg-info/dependency_links.txt
[0.578s] writing entry points to build/turtle_pkg/turtle_pkg.egg-info/entry_points.txt
[0.578s] writing requirements to build/turtle_pkg/turtle_pkg.egg-info/requires.txt
[0.579s] writing top-level names to build/turtle_pkg/turtle_pkg.egg-info/top_level.txt
[0.599s] reading manifest file 'build/turtle_pkg/turtle_pkg.egg-info/SOURCES.txt'
[0.601s] writing manifest file 'build/turtle_pkg/turtle_pkg.egg-info/SOURCES.txt'
[0.602s] running build
[0.602s] running build_py
[0.603s] running install
[0.606s] running install_lib
[0.620s] running install_data
[0.621s] running install_egg_info
[0.631s] removing '/home/vboxuser/Desktop/rtos_hw_ec/src/turtle_pkg/install/turtle_pkg/lib/python3.12/site-packages/turtle_pkg-0.0.0-py3.12.egg-info' (and everything under it)
[0.631s] Copying build/turtle_pkg/turtle_pkg.egg-info to /home/vboxuser/Desktop/rtos_hw_ec/src/turtle_pkg/install/turtle_pkg/lib/python3.12/site-packages/turtle_pkg-0.0.0-py3.12.egg-info
[0.632s] running install_scripts
[0.713s] Installing car_ahead script to /home/vboxuser/Desktop/rtos_hw_ec/src/turtle_pkg/install/turtle_pkg/lib/turtle_pkg
[0.713s] Installing car_behind script to /home/vboxuser/Desktop/rtos_hw_ec/src/turtle_pkg/install/turtle_pkg/lib/turtle_pkg
[0.713s] writing list of installed files to '/home/vboxuser/Desktop/rtos_hw_ec/src/turtle_pkg/build/turtle_pkg/install.log'
[0.733s] Invoked command in '/home/vboxuser/Desktop/rtos_hw_ec/src/turtle_pkg' returned '0': DEBUGINFOD_URLS=https://debuginfod.ubuntu.com PYTHONPATH=/home/vboxuser/Desktop/rtos_hw_ec/src/turtle_pkg/build/turtle_pkg/prefix_override:/usr/lib/python3/dist-packages/colcon_core/task/python/colcon_distutils_commands:/home/vboxuser/Desktop/rtos_hw_ec/src/turtle_pkg/install/turtle_pkg/lib/python3.12/site-packages:${PYTHONPATH} /usr/bin/python3 -W ignore:setup.py install is deprecated -W ignore:easy_install command is deprecated setup.py egg_info --egg-base build/turtle_pkg build --build-base /home/vboxuser/Desktop/rtos_hw_ec/src/turtle_pkg/build/turtle_pkg/build install --record /home/vboxuser/Desktop/rtos_hw_ec/src/turtle_pkg/build/turtle_pkg/install.log --single-version-externally-managed install_data
