/home/vboxuser/Desktop/rtos_hw_ec/turtle_pkg/install/turtle_pkg/lib/python3.12/site-packages/turtle_pkg/car_behind.py
/home/vboxuser/Desktop/rtos_hw_ec/turtle_pkg/install/turtle_pkg/lib/python3.12/site-packages/turtle_pkg/__init__.py
/home/vboxuser/Desktop/rtos_hw_ec/turtle_pkg/install/turtle_pkg/lib/python3.12/site-packages/turtle_pkg/car_emerg.py
/home/vboxuser/Desktop/rtos_hw_ec/turtle_pkg/install/turtle_pkg/lib/python3.12/site-packages/turtle_pkg/car_ahead.py
/home/vboxuser/Desktop/rtos_hw_ec/turtle_pkg/install/turtle_pkg/lib/python3.12/site-packages/turtle_pkg/__pycache__/car_behind.cpython-312.pyc
/home/vboxuser/Desktop/rtos_hw_ec/turtle_pkg/install/turtle_pkg/lib/python3.12/site-packages/turtle_pkg/__pycache__/__init__.cpython-312.pyc
/home/vboxuser/Desktop/rtos_hw_ec/turtle_pkg/install/turtle_pkg/lib/python3.12/site-packages/turtle_pkg/__pycache__/car_emerg.cpython-312.pyc
/home/vboxuser/Desktop/rtos_hw_ec/turtle_pkg/install/turtle_pkg/lib/python3.12/site-packages/turtle_pkg/__pycache__/car_ahead.cpython-312.pyc
/home/vboxuser/Desktop/rtos_hw_ec/turtle_pkg/install/turtle_pkg/share/ament_index/resource_index/packages/turtle_pkg
/home/vboxuser/Desktop/rtos_hw_ec/turtle_pkg/install/turtle_pkg/share/turtle_pkg/package.xml
/home/vboxuser/Desktop/rtos_hw_ec/turtle_pkg/install/turtle_pkg/lib/python3.12/site-packages/turtle_pkg-0.0.0-py3.12.egg-info/SOURCES.txt
/home/vboxuser/Desktop/rtos_hw_ec/turtle_pkg/install/turtle_pkg/lib/python3.12/site-packages/turtle_pkg-0.0.0-py3.12.egg-info/entry_points.txt
/home/vboxuser/Desktop/rtos_hw_ec/turtle_pkg/install/turtle_pkg/lib/python3.12/site-packages/turtle_pkg-0.0.0-py3.12.egg-info/dependency_links.txt
/home/vboxuser/Desktop/rtos_hw_ec/turtle_pkg/install/turtle_pkg/lib/python3.12/site-packages/turtle_pkg-0.0.0-py3.12.egg-info/PKG-INFO
/home/vboxuser/Desktop/rtos_hw_ec/turtle_pkg/install/turtle_pkg/lib/python3.12/site-packages/turtle_pkg-0.0.0-py3.12.egg-info/zip-safe
/home/vboxuser/Desktop/rtos_hw_ec/turtle_pkg/install/turtle_pkg/lib/python3.12/site-packages/turtle_pkg-0.0.0-py3.12.egg-info/requires.txt
/home/vboxuser/Desktop/rtos_hw_ec/turtle_pkg/install/turtle_pkg/lib/python3.12/site-packages/turtle_pkg-0.0.0-py3.12.egg-info/top_level.txt
/home/vboxuser/Desktop/rtos_hw_ec/turtle_pkg/install/turtle_pkg/lib/turtle_pkg/car_ahead
/home/vboxuser/Desktop/rtos_hw_ec/turtle_pkg/install/turtle_pkg/lib/turtle_pkg/car_behind
/home/vboxuser/Desktop/rtos_hw_ec/turtle_pkg/install/turtle_pkg/lib/turtle_pkg/car_emerg
