running egg_info
creating build/turtle_pkg/turtle_pkg.egg-info
writing build/turtle_pkg/turtle_pkg.egg-info/PKG-INFO
writing dependency_links to build/turtle_pkg/turtle_pkg.egg-info/dependency_links.txt
writing entry points to build/turtle_pkg/turtle_pkg.egg-info/entry_points.txt
writing requirements to build/turtle_pkg/turtle_pkg.egg-info/requires.txt
writing top-level names to build/turtle_pkg/turtle_pkg.egg-info/top_level.txt
writing manifest file 'build/turtle_pkg/turtle_pkg.egg-info/SOURCES.txt'
reading manifest file 'build/turtle_pkg/turtle_pkg.egg-info/SOURCES.txt'
writing manifest file 'build/turtle_pkg/turtle_pkg.egg-info/SOURCES.txt'
running build
running build_py
creating /home/vboxuser/Desktop/rtos_hw_ec/src/turtle_pkg/build/turtle_pkg/build
creating /home/vboxuser/Desktop/rtos_hw_ec/src/turtle_pkg/build/turtle_pkg/build/lib
creating /home/vboxuser/Desktop/rtos_hw_ec/src/turtle_pkg/build/turtle_pkg/build/lib/turtle_pkg
copying turtle_pkg/car_behind.py -> /home/vboxuser/Desktop/rtos_hw_ec/src/turtle_pkg/build/turtle_pkg/build/lib/turtle_pkg
copying turtle_pkg/__init__.py -> /home/vboxuser/Desktop/rtos_hw_ec/src/turtle_pkg/build/turtle_pkg/build/lib/turtle_pkg
copying turtle_pkg/car_ahead.py -> /home/vboxuser/Desktop/rtos_hw_ec/src/turtle_pkg/build/turtle_pkg/build/lib/turtle_pkg
running install
running install_lib
creating /home/vboxuser/Desktop/rtos_hw_ec/src/turtle_pkg/install/turtle_pkg/lib/python3.12/site-packages/turtle_pkg
copying /home/vboxuser/Desktop/rtos_hw_ec/src/turtle_pkg/build/turtle_pkg/build/lib/turtle_pkg/car_behind.py -> /home/vboxuser/Desktop/rtos_hw_ec/src/turtle_pkg/install/turtle_pkg/lib/python3.12/site-packages/turtle_pkg
copying /home/vboxuser/Desktop/rtos_hw_ec/src/turtle_pkg/build/turtle_pkg/build/lib/turtle_pkg/__init__.py -> /home/vboxuser/Desktop/rtos_hw_ec/src/turtle_pkg/install/turtle_pkg/lib/python3.12/site-packages/turtle_pkg
copying /home/vboxuser/Desktop/rtos_hw_ec/src/turtle_pkg/build/turtle_pkg/build/lib/turtle_pkg/car_ahead.py -> /home/vboxuser/Desktop/rtos_hw_ec/src/turtle_pkg/install/turtle_pkg/lib/python3.12/site-packages/turtle_pkg
byte-compiling /home/vboxuser/Desktop/rtos_hw_ec/src/turtle_pkg/install/turtle_pkg/lib/python3.12/site-packages/turtle_pkg/car_behind.py to car_behind.cpython-312.pyc
Sorry: TabError: inconsistent use of tabs and spaces in indentation (car_behind.py, line 65)
byte-compiling /home/vboxuser/Desktop/rtos_hw_ec/src/turtle_pkg/install/turtle_pkg/lib/python3.12/site-packages/turtle_pkg/__init__.py to __init__.cpython-312.pyc
byte-compiling /home/vboxuser/Desktop/rtos_hw_ec/src/turtle_pkg/install/turtle_pkg/lib/python3.12/site-packages/turtle_pkg/car_ahead.py to car_ahead.cpython-312.pyc
running install_data
creating /home/vboxuser/Desktop/rtos_hw_ec/src/turtle_pkg/install/turtle_pkg/share/ament_index
creating /home/vboxuser/Desktop/rtos_hw_ec/src/turtle_pkg/install/turtle_pkg/share/ament_index/resource_index
creating /home/vboxuser/Desktop/rtos_hw_ec/src/turtle_pkg/install/turtle_pkg/share/ament_index/resource_index/packages
copying resource/turtle_pkg -> /home/vboxuser/Desktop/rtos_hw_ec/src/turtle_pkg/install/turtle_pkg/share/ament_index/resource_index/packages
copying package.xml -> /home/vboxuser/Desktop/rtos_hw_ec/src/turtle_pkg/install/turtle_pkg/share/turtle_pkg
running install_egg_info
Copying build/turtle_pkg/turtle_pkg.egg-info to /home/vboxuser/Desktop/rtos_hw_ec/src/turtle_pkg/install/turtle_pkg/lib/python3.12/site-packages/turtle_pkg-0.0.0-py3.12.egg-info
running install_scripts
Installing car_ahead script to /home/vboxuser/Desktop/rtos_hw_ec/src/turtle_pkg/install/turtle_pkg/lib/turtle_pkg
Installing car_behind script to /home/vboxuser/Desktop/rtos_hw_ec/src/turtle_pkg/install/turtle_pkg/lib/turtle_pkg
writing list of installed files to '/home/vboxuser/Desktop/rtos_hw_ec/src/turtle_pkg/build/turtle_pkg/install.log'
